[handleMsg]:  {
  key: {
    remoteJid: '51974306974@s.whatsapp.net',
    fromMe: false,
    id: '9D809354FAB4536EC5BBF5E4E020FD46',
    participant: undefined
  },
  messageTimestamp: 1732633032,
  pushName: 'Inca Imports',
  broadcast: false,
  message: Message {
    extendedTextMessage: ExtendedTextMessage {
      text: 'Buenas tiene abrazaderas de Inox?',
      previewType: 0,
      contextInfo: [ContextInfo],
      inviteLinkGroupTypeV2: 0
    },
    messageContextInfo: MessageContextInfo {
      deviceListMetadata: [DeviceListMetadata],
      deviceListMetadataVersion: 2,
      messageSecret: [Uint8Array]
    }
  },
  verifiedBizName: 'Inca Imports',
  body: 'Buenas tiene abrazaderas de Inox?',
  name: 'Inca Imports',
  from: '51974306974'
}
[handleMsg]:  {
  key: {
    remoteJid: '51940937902@s.whatsapp.net',
    fromMe: false,
    id: '6548FFDC47EB7A8821A7EB9A00DF50C9',
    participant: undefined
  },
  messageTimestamp: 1732634098,
  pushName: 'merinodiazmonica',
  broadcast: false,
  message: Message {
    extendedTextMessage: ExtendedTextMessage {
      text: 'Buenos d铆as',
      previewType: 0,
      contextInfo: [ContextInfo],
      inviteLinkGroupTypeV2: 0
    },
    messageContextInfo: MessageContextInfo {
      deviceListMetadata: [DeviceListMetadata],
      deviceListMetadataVersion: 2,
      messageSecret: [Uint8Array]
    }
  },
  body: 'Buenos d铆as',
  name: 'merinodiazmonica',
  from: '51940937902'
}
[handleMsg]:  {
  key: {
    remoteJid: '51940937902@s.whatsapp.net',
    fromMe: false,
    id: 'E846AE07A7F1CBA035B998972F435A33',
    participant: undefined
  },
  messageTimestamp: 1732634106,
  pushName: 'merinodiazmonica',
  broadcast: false,
  message: Message {
    conversation: 'De minera Chinalco',
    messageContextInfo: MessageContextInfo {
      deviceListMetadata: [DeviceListMetadata],
      deviceListMetadataVersion: 2,
      messageSecret: [Uint8Array]
    }
  },
  body: 'De minera Chinalco',
  name: 'merinodiazmonica',
  from: '51940937902'
}
[QUEUE_SE_ENVIO]:  {
  ref: 'ans_8cbb7dee-2fdf-43a9-b189-5d18f9159314',
  keyword: 'key_975a099b-8c42-4796-97b9-64200621956a',
  answer: '隆Hola! 驴C贸mo puedo ayudarte hoy?',
  options: {
    media: null,
    buttons: [],
    capture: false,
    child: null,
    delay: 0,
    idle: null,
    ref: null,
    nested: [],
    keyword: {},
    callback: false
  },
  refSerialize: '3e07c639472be3ab79c20849a3ff2a4b'
}
[handleMsg]:  {
  key: {
    remoteJid: '51940937902@s.whatsapp.net',
    fromMe: false,
    id: '3636E53D3E875EDBC17C626DE03BCC2E',
    participant: undefined
  },
  messageTimestamp: 1732634133,
  pushName: 'merinodiazmonica',
  broadcast: false,
  message: Message {
    conversation: 'Estamos iniciando un concurso',
    messageContextInfo: MessageContextInfo {
      deviceListMetadata: [DeviceListMetadata],
      deviceListMetadataVersion: 2,
      messageSecret: [Uint8Array]
    }
  },
  body: 'Estamos iniciando un concurso',
  name: 'merinodiazmonica',
  from: '51940937902'
}
[handleMsg]:  {
  key: {
    remoteJid: '51940937902@s.whatsapp.net',
    fromMe: false,
    id: '2638EEF342CDD02275161F6107C885C7',
    participant: undefined
  },
  messageTimestamp: 1732634138,
  pushName: 'merinodiazmonica',
  broadcast: false,
  message: Message {
    conversation: 'Y les estamos considerando',
    messageContextInfo: MessageContextInfo {
      deviceListMetadata: [DeviceListMetadata],
      deviceListMetadataVersion: 2,
      messageSecret: [Uint8Array]
    }
  },
  body: 'Y les estamos considerando',
  name: 'merinodiazmonica',
  from: '51940937902'
}
[handleMsg]:  {
  key: {
    remoteJid: '51940937902@s.whatsapp.net',
    fromMe: false,
    id: 'F47CC752C25863EFE3C5617E0442A5C4',
    participant: undefined
  },
  messageTimestamp: 1732634141,
  pushName: 'merinodiazmonica',
  broadcast: false,
  message: Message {
    conversation: 'C贸mo postor',
    messageContextInfo: MessageContextInfo {
      deviceListMetadata: [DeviceListMetadata],
      deviceListMetadataVersion: 2,
      messageSecret: [Uint8Array]
    }
  },
  body: 'C贸mo postor',
  name: 'merinodiazmonica',
  from: '51940937902'
}
[handleMsg]:  {
  key: {
    remoteJid: '51940937902@s.whatsapp.net',
    fromMe: false,
    id: '2600D4F469B34D85277D85CEAAD1B209',
    participant: undefined
  },
  messageTimestamp: 1732634144,
  pushName: 'merinodiazmonica',
  broadcast: false,
  message: Message {
    conversation: 'Me podr铆a facilitar',
    messageContextInfo: MessageContextInfo {
      deviceListMetadata: [DeviceListMetadata],
      deviceListMetadataVersion: 2,
      messageSecret: [Uint8Array]
    }
  },
  body: 'Me podr铆a facilitar',
  name: 'merinodiazmonica',
  from: '51940937902'
}
[handleMsg]:  {
  key: {
    remoteJid: '51912289243@s.whatsapp.net',
    fromMe: false,
    id: '3EB013C51135B0FDE96465',
    participant: undefined
  },
  messageTimestamp: 1732634294,
  pushName: 'Rosa Sandoval',
  broadcast: false,
  message: Message {
    conversation: 'Hola buen dia',
    messageContextInfo: MessageContextInfo {
      deviceListMetadata: [DeviceListMetadata],
      deviceListMetadataVersion: 2,
      messageSecret: [Uint8Array]
    }
  },
  body: 'Hola buen dia',
  name: 'Rosa Sandoval',
  from: '51912289243'
}
[handleMsg]:  {
  key: {
    remoteJid: '51912289243@s.whatsapp.net',
    fromMe: false,
    id: '3EB0815B99077C05E4F08B',
    participant: undefined
  },
  messageTimestamp: 1732634306,
  pushName: 'Rosa Sandoval',
  broadcast: false,
  message: Message {
    conversation: 'una consulta ustedes hacen fundicion?',
    messageContextInfo: MessageContextInfo {
      deviceListMetadata: [DeviceListMetadata],
      deviceListMetadataVersion: 2,
      messageSecret: [Uint8Array]
    }
  },
  body: 'una consulta ustedes hacen fundicion?',
  name: 'Rosa Sandoval',
  from: '51912289243'
}
[handleMsg]:  {
  key: {
    remoteJid: '51912289243@s.whatsapp.net',
    fromMe: false,
    id: '3EB03A46145956B3FE9198',
    participant: undefined
  },
  messageTimestamp: 1732634327,
  pushName: 'Rosa Sandoval',
  broadcast: false,
  message: Message {
    conversation: 'si claro',
    messageContextInfo: MessageContextInfo {
      deviceListMetadata: [DeviceListMetadata],
      deviceListMetadataVersion: 2,
      messageSecret: [Uint8Array]
    }
  },
  body: 'si claro',
  name: 'Rosa Sandoval',
  from: '51912289243'
}
[handleMsg]:  {
  key: {
    remoteJid: '51969033613@s.whatsapp.net',
    fromMe: false,
    id: 'C35D65F624EA5CAD5BD621C39202FED5',
    participant: undefined
  },
  messageTimestamp: 1732635476,
  pushName: 'Kieran',
  broadcast: false,
  message: Message {
    extendedTextMessage: ExtendedTextMessage {
      text: 'Hola buen d铆a',
      previewType: 0,
      contextInfo: [ContextInfo],
      inviteLinkGroupTypeV2: 0
    },
    messageContextInfo: MessageContextInfo {
      deviceListMetadata: [DeviceListMetadata],
      deviceListMetadataVersion: 2,
      messageSecret: [Uint8Array]
    }
  },
  body: 'Hola buen d铆a',
  name: 'Kieran',
  from: '51969033613'
}
[handleMsg]:  {
  key: {
    remoteJid: '51969033613@s.whatsapp.net',
    fromMe: false,
    id: '0BA9DE6A55C1347A68415910E3FA6FBE',
    participant: undefined
  },
  messageTimestamp: 1732635490,
  pushName: 'Kieran',
  broadcast: false,
  message: Message {
    conversation: 'Buen d铆a',
    messageContextInfo: MessageContextInfo {
      deviceListMetadata: [DeviceListMetadata],
      deviceListMetadataVersion: 2,
      messageSecret: [Uint8Array]
    }
  },
  body: 'Buen d铆a',
  name: 'Kieran',
  from: '51969033613'
}
[handleMsg]:  {
  key: {
    remoteJid: '51969033613@s.whatsapp.net',
    fromMe: false,
    id: 'E79010905E865AED7BE6CC28344ECEBB',
    participant: undefined
  },
  messageTimestamp: 1732635499,
  pushName: 'Kieran',
  broadcast: false,
  message: Message {
    conversation: 'Me gustar铆a saber del precio de las abrazaderas',
    messageContextInfo: MessageContextInfo {
      deviceListMetadata: [DeviceListMetadata],
      deviceListMetadataVersion: 2,
      messageSecret: [Uint8Array]
    }
  },
  body: 'Me gustar铆a saber del precio de las abrazaderas',
  name: 'Kieran',
  from: '51969033613'
}
[handleMsg]:  {
  key: {
    remoteJid: '51969033613@s.whatsapp.net',
    fromMe: false,
    id: '8F36640F596AB477B3DF4374497C05E9',
    participant: undefined
  },
  messageTimestamp: 1732635502,
  pushName: 'Kieran',
  broadcast: false,
  message: Message {
    conversation: 'Taurus',
    messageContextInfo: MessageContextInfo {
      deviceListMetadata: [DeviceListMetadata],
      deviceListMetadataVersion: 2,
      messageSecret: [Uint8Array]
    }
  },
  body: 'Taurus',
  name: 'Kieran',
  from: '51969033613'
}
[handleMsg]:  {
  key: {
    remoteJid: '51969033613@s.whatsapp.net',
    fromMe: false,
    id: '78558725BD76BF8CCC460A09C6C8A137',
    participant: undefined
  },
  messageTimestamp: 1732635521,
  pushName: 'Kieran',
  broadcast: false,
  message: Message {
    conversation: 'Gracias',
    messageContextInfo: MessageContextInfo {
      deviceListMetadata: [DeviceListMetadata],
      deviceListMetadataVersion: 2,
      messageSecret: [Uint8Array]
    }
  },
  body: 'Gracias',
  name: 'Kieran',
  from: '51969033613'
}
[handleMsg]:  {
  key: {
    remoteJid: '51947339985@s.whatsapp.net',
    fromMe: false,
    id: '3EB05A199D9EF2A883A26E',
    participant: undefined
  },
  messageTimestamp: 1732641046,
  pushName: 'Ray-vs',
  broadcast: false,
  message: Message {
    messageContextInfo: MessageContextInfo {
      deviceListMetadata: [DeviceListMetadata],
      deviceListMetadataVersion: 2,
      messageSecret: [Uint8Array]
    },
    documentWithCaptionMessage: FutureProofMessage { message: [Message] }
  },
  body: '',
  name: 'Ray-vs',
  from: '51947339985'
}
[handleMsg]:  {
  key: {
    remoteJid: '51947339985@s.whatsapp.net',
    fromMe: false,
    id: '3EB0096A52A5ECE6D56C19',
    participant: undefined
  },
  messageTimestamp: 1732641069,
  pushName: 'Ray-vs',
  broadcast: false,
  message: Message {
    conversation: 'realizar una cotizaci贸n',
    messageContextInfo: MessageContextInfo {
      deviceListMetadata: [DeviceListMetadata],
      deviceListMetadataVersion: 2,
      messageSecret: [Uint8Array]
    }
  },
  body: 'realizar una cotizaci贸n',
  name: 'Ray-vs',
  from: '51947339985'
}
[handleMsg]:  {
  key: {
    remoteJid: '51947339985@s.whatsapp.net',
    fromMe: false,
    id: '3EB03F4E39B3762A4AF2BC',
    participant: undefined
  },
  messageTimestamp: 1732641125,
  pushName: 'Ray-vs',
  broadcast: false,
  message: Message {
    conversation: 'productos de cobre tuberias y uniones soldables',
    messageContextInfo: MessageContextInfo {
      deviceListMetadata: [DeviceListMetadata],
      deviceListMetadataVersion: 2,
      messageSecret: [Uint8Array]
    }
  },
  body: 'productos de cobre tuberias y uniones soldables',
  name: 'Ray-vs',
  from: '51947339985'
}
[handleMsg]:  {
  key: {
    remoteJid: '51908871393@s.whatsapp.net',
    fromMe: false,
    id: '4E86443BFF9A9B4D50B660842A9D9EF8',
    participant: undefined
  },
  messageTimestamp: 1732643641,
  pushName: 'INGTHI SAC',
  broadcast: false,
  message: Message {
    extendedTextMessage: ExtendedTextMessage {
      text: 'Buenos d铆as',
      previewType: 0,
      contextInfo: [ContextInfo],
      inviteLinkGroupTypeV2: 0
    },
    messageContextInfo: MessageContextInfo {
      deviceListMetadata: [DeviceListMetadata],
      deviceListMetadataVersion: 2,
      messageSecret: [Uint8Array]
    }
  },
  verifiedBizName: 'INGTHI SAC',
  body: 'Buenos d铆as',
  name: 'INGTHI SAC',
  from: '51908871393'
}
[handleMsg]:  {
  key: {
    remoteJid: '51908871393@s.whatsapp.net',
    fromMe: false,
    id: '140DA7D5937002A998B63AC361FEDA36',
    participant: undefined
  },
  messageTimestamp: 1732643656,
  pushName: 'INGTHI SAC',
  broadcast: false,
  message: Message {
    conversation: 'Tienes accesorios para tuber铆a ped',
    messageContextInfo: MessageContextInfo {
      deviceListMetadata: [DeviceListMetadata],
      deviceListMetadataVersion: 2,
      messageSecret: [Uint8Array]
    }
  },
  verifiedBizName: 'INGTHI SAC',
  body: 'Tienes accesorios para tuber铆a ped',
  name: 'INGTHI SAC',
  from: '51908871393'
}
[handleMsg]:  {
  key: {
    remoteJid: '51908871393@s.whatsapp.net',
    fromMe: false,
    id: 'ABD3D3375F33670605AB7D81811B6CB6',
    participant: undefined
  },
  messageTimestamp: 1732643659,
  pushName: 'INGTHI SAC',
  broadcast: false,
  message: Message {
    conversation: 'Pex',
    messageContextInfo: MessageContextInfo {
      deviceListMetadata: [DeviceListMetadata],
      deviceListMetadataVersion: 2,
      messageSecret: [Uint8Array]
    }
  },
  verifiedBizName: 'INGTHI SAC',
  body: 'Pex',
  name: 'INGTHI SAC',
  from: '51908871393'
}
[handleMsg]:  {
  key: {
    remoteJid: '51952197499@s.whatsapp.net',
    fromMe: false,
    id: 'EF238DBB828CBB4B5D99F4C7272F8B49',
    participant: undefined
  },
  messageTimestamp: 1732643663,
  pushName: 'Lichaa',
  broadcast: false,
  message: Message {
    conversation: 'Somo de la empres icalu le escribo para comparar',
    messageContextInfo: MessageContextInfo {
      deviceListMetadata: [DeviceListMetadata],
      deviceListMetadataVersion: 2,
      messageSecret: [Uint8Array]
    }
  },
  body: 'Somo de la empres icalu le escribo para comparar',
  name: 'Lichaa',
  from: '51952197499'
}
[handleMsg]:  {
  key: {
    remoteJid: '51952197499@s.whatsapp.net',
    fromMe: false,
    id: 'E656CA0EFF28F3087DA0ADB2430AD28B',
    participant: undefined
  },
  messageTimestamp: 1732643674,
  pushName: 'Lichaa',
  broadcast: false,
  message: Message {
    conversation: 'Codos de bronce',
    messageContextInfo: MessageContextInfo {
      deviceListMetadata: [DeviceListMetadata],
      deviceListMetadataVersion: 2,
      messageSecret: [Uint8Array]
    }
  },
  body: 'Codos de bronce',
  name: 'Lichaa',
  from: '51952197499'
}
[handleMsg]:  {
  key: {
    remoteJid: '51908871393@s.whatsapp.net',
    fromMe: false,
    id: 'C491117F5852221B14FB006164BCD106',
    participant: undefined
  },
  messageTimestamp: 1732643691,
  pushName: 'INGTHI SAC',
  broadcast: false,
  message: Message {
    conversation: 'Tienes accesorios para tuber铆a Pex de 1"',
    messageContextInfo: MessageContextInfo {
      deviceListMetadata: [DeviceListMetadata],
      deviceListMetadataVersion: 2,
      messageSecret: [Uint8Array]
    }
  },
  verifiedBizName: 'INGTHI SAC',
  body: 'Tienes accesorios para tuber铆a Pex de 1"',
  name: 'INGTHI SAC',
  from: '51908871393'
}
[handleMsg]:  {
  key: {
    remoteJid: '51952197499@s.whatsapp.net',
    fromMe: false,
    id: '38A350452ABC00A5A302C338B034BB46',
    participant: undefined
  },
  messageTimestamp: 1732643714,
  pushName: 'Lichaa',
  broadcast: false,
  message: Message {
    conversation: 'Estamos c ate alguna tienda cerca',
    messageContextInfo: MessageContextInfo {
      deviceListMetadata: [DeviceListMetadata],
      deviceListMetadataVersion: 2,
      messageSecret: [Uint8Array]
    }
  },
  body: 'Estamos c ate alguna tienda cerca',
  name: 'Lichaa',
  from: '51952197499'
}
[handleMsg]:  {
  key: {
    remoteJid: '51908871393@s.whatsapp.net',
    fromMe: false,
    id: '73A66F9FA6FF1E75E468669413FB377F',
    participant: undefined
  },
  messageTimestamp: 1732643737,
  pushName: 'INGTHI SAC',
  broadcast: false,
  message: Message {
    conversation: 'Puede enviar su direcci贸n y ubicar',
    messageContextInfo: MessageContextInfo {
      deviceListMetadata: [DeviceListMetadata],
      deviceListMetadataVersion: 2,
      messageSecret: [Uint8Array]
    }
  },
  verifiedBizName: 'INGTHI SAC',
  body: 'Puede enviar su direcci贸n y ubicar',
  name: 'INGTHI SAC',
  from: '51908871393'
}
[handleMsg]:  {
  key: {
    remoteJid: '51952197499@s.whatsapp.net',
    fromMe: false,
    id: '57CF5E40EBCE5648832716D0B502283A',
    participant: undefined
  },
  messageTimestamp: 1732643800,
  pushName: 'Lichaa',
  broadcast: false,
  message: Message {
    conversation: 'Codo de bronce',
    messageContextInfo: MessageContextInfo {
      deviceListMetadata: [DeviceListMetadata],
      deviceListMetadataVersion: 2,
      messageSecret: [Uint8Array]
    }
  },
  body: 'Codo de bronce',
  name: 'Lichaa',
  from: '51952197499'
}
[handleMsg]:  {
  key: {
    remoteJid: '51908871393@s.whatsapp.net',
    fromMe: false,
    id: '0A69F40BD350C2F529FE2EDE72951485',
    participant: undefined
  },
  messageTimestamp: 1732643803,
  pushName: 'INGTHI SAC',
  broadcast: false,
  message: Message {
    conversation: 'Necesito 4 adaptadores con 10 anillos para tubos Pex de 1"',
    messageContextInfo: MessageContextInfo {
      deviceListMetadata: [DeviceListMetadata],
      deviceListMetadataVersion: 2,
      messageSecret: [Uint8Array]
    }
  },
  verifiedBizName: 'INGTHI SAC',
  body: 'Necesito 4 adaptadores con 10 anillos para tubos Pex de 1"',
  name: 'INGTHI SAC',
  from: '51908871393'
}
[handleMsg]:  {
  key: {
    remoteJid: '51952197499@s.whatsapp.net',
    fromMe: false,
    id: 'FE0ED203FE1BCF29D1B983B8119BE93D',
    participant: undefined
  },
  messageTimestamp: 1732643841,
  pushName: 'Lichaa',
  broadcast: false,
  message: Message {
    conversation: '1/2 npt para ca帽eria de 12 mm',
    messageContextInfo: MessageContextInfo {
      deviceListMetadata: [DeviceListMetadata],
      deviceListMetadataVersion: 2,
      messageSecret: [Uint8Array]
    }
  },
  body: '1/2 npt para ca帽eria de 12 mm',
  name: 'Lichaa',
  from: '51952197499'
}
[handleMsg]:  {
  key: {
    remoteJid: '51938103513@s.whatsapp.net',
    fromMe: false,
    id: 'B485FED532506AC18DC1526B44D3EDA5',
    participant: undefined
  },
  messageTimestamp: 1732652932,
  pushName: '火De La Mano De DIOS ',
  broadcast: false,
  message: Message {
    extendedTextMessage: ExtendedTextMessage {
      text: 'Hola buena s tafes',
      previewType: 0,
      contextInfo: [ContextInfo],
      inviteLinkGroupTypeV2: 0
    },
    messageContextInfo: MessageContextInfo {
      deviceListMetadata: [DeviceListMetadata],
      deviceListMetadataVersion: 2,
      messageSecret: [Uint8Array]
    }
  },
  body: 'Hola buena s tafes',
  name: '火De La Mano De DIOS ',
  from: '51938103513'
}
[handleMsg]:  {
  key: {
    remoteJid: '51938103513@s.whatsapp.net',
    fromMe: false,
    id: 'D0D9F75431FAE36568C466DE06D27BAE',
    participant: undefined
  },
  messageTimestamp: 1732652940,
  pushName: '火De La Mano De DIOS ',
  broadcast: false,
  message: Message {
    conversation: 'Disculpe venden este material ustedes',
    messageContextInfo: MessageContextInfo {
      deviceListMetadata: [DeviceListMetadata],
      deviceListMetadataVersion: 2,
      messageSecret: [Uint8Array]
    }
  },
  body: 'Disculpe venden este material ustedes',
  name: '火De La Mano De DIOS ',
  from: '51938103513'
}
[handleMsg]:  {
  key: {
    remoteJid: '51938103513@s.whatsapp.net',
    fromMe: false,
    id: '27D116D9272852B875B889E9921E2CC1',
    participant: undefined
  },
  messageTimestamp: 1732652948,
  pushName: '火De La Mano De DIOS ',
  broadcast: false,
  message: Message {
    imageMessage: ImageMessage {
      interactiveAnnotations: [],
      scanLengths: [Array],
      annotations: [],
      url: 'https://mmg.whatsapp.net/v/t62.7118-24/19379005_595485856353403_1992325216057830772_n.enc?ccb=11-4&oh=01_Q5AaIMouORBk7nNkk97rFRgCFCoOW800rfey3xyFZL-XZxgv&oe=676DA77D&_nc_sid=5e03e0&mms3=true',
      mimetype: 'image/jpeg',
      fileSha256: [Uint8Array],
      fileLength: [Long],
      height: 899,
      width: 1599,
      mediaKey: [Uint8Array],
      fileEncSha256: [Uint8Array],
      directPath: '/v/t62.7118-24/19379005_595485856353403_1992325216057830772_n.enc?ccb=11-4&oh=01_Q5AaIMouORBk7nNkk97rFRgCFCoOW800rfey3xyFZL-XZxgv&oe=676DA77D&_nc_sid=5e03e0',
      mediaKeyTimestamp: [Long],
      jpegThumbnail: [Uint8Array],
      scansSidecar: [Uint8Array],
      midQualityFileSha256: [Uint8Array]
    },
    messageContextInfo: MessageContextInfo {
      deviceListMetadata: [DeviceListMetadata],
      deviceListMetadataVersion: 2,
      messageSecret: [Uint8Array]
    }
  },
  body: '_event_media_',
  name: '火De La Mano De DIOS ',
  from: '51938103513'
}
[handleMsg]:  {
  key: {
    remoteJid: '51938103513@s.whatsapp.net',
    fromMe: false,
    id: 'AA49B6861C73F180779CE2777D15ED8C',
    participant: undefined
  },
  messageTimestamp: 1732653161,
  pushName: '火De La Mano De DIOS ',
  broadcast: false,
  message: Message {
    conversation: 'Manifold de descarga de acero sch40 Galv en caliente dn400 L: 5.92m, 1 Salida Dn 300mm L:0.21m, 3 salida Dn200 L:0.33m',
    messageContextInfo: MessageContextInfo {
      deviceListMetadata: [DeviceListMetadata],
      deviceListMetadataVersion: 2,
      messageSecret: [Uint8Array]
    }
  },
  body: 'Manifold de descarga de acero sch40 Galv en caliente dn400 L: 5.92m, 1 Salida Dn 300mm L:0.21m, 3 salida Dn200 L:0.33m',
  name: '火De La Mano De DIOS ',
  from: '51938103513'
}
[handleMsg]:  {
  key: {
    remoteJid: '51938103513@s.whatsapp.net',
    fromMe: false,
    id: '00AA3B4622986A3AFCE57264B8B4965B',
    participant: undefined
  },
  messageTimestamp: 1732653164,
  pushName: '火De La Mano De DIOS ',
  broadcast: false,
  message: Message {
    conversation: 'Eso me pide.',
    messageContextInfo: MessageContextInfo {
      deviceListMetadata: [DeviceListMetadata],
      deviceListMetadataVersion: 2,
      messageSecret: [Uint8Array]
    }
  },
  body: 'Eso me pide.',
  name: '火De La Mano De DIOS ',
  from: '51938103513'
}
[handleMsg]:  {
  key: {
    remoteJid: '51995988282@s.whatsapp.net',
    fromMe: false,
    id: '22E161700160D4AF9B379EFC66BA7664',
    participant: undefined
  },
  messageTimestamp: 1732656157,
  pushName: 'Nathaly Paulini',
  broadcast: false,
  message: Message {
    extendedTextMessage: ExtendedTextMessage {
      text: 'Buenas tardes',
      previewType: 0,
      contextInfo: [ContextInfo],
      inviteLinkGroupTypeV2: 0
    },
    messageContextInfo: MessageContextInfo {
      deviceListMetadata: [DeviceListMetadata],
      deviceListMetadataVersion: 2,
      messageSecret: [Uint8Array]
    }
  },
  verifiedBizName: 'Nathaly Paulini',
  body: 'Buenas tardes',
  name: 'Nathaly Paulini',
  from: '51995988282'
}
[handleMsg]:  {
  key: {
    remoteJid: '51995988282@s.whatsapp.net',
    fromMe: false,
    id: '3EB0C64DC5775088883010',
    participant: undefined
  },
  messageTimestamp: 1732656203,
  pushName: 'Nathaly Paulini',
  broadcast: false,
  message: Message {
    conversation: 'Mi nombre es Nathaly Paulini y soy Ejecutiva Comercial del Grupo Ventura, quien es una empresa l铆der en soluciones tecnol贸gicas, con m谩s de 11 a帽os de experiencia en el mercado en ventas de productos tecnol贸gicos ( como impresoras, escaner, servicios de digitalizaci贸n) somos representantes autorizados de las macas Canon, Oki, Pantum en l铆nea de impresi贸n, la l铆nea de digitalizaci贸n, las marcas RICOH, Canon, Colortrac, Contex e Inotec.',
    messageContextInfo: MessageContextInfo {
      deviceListMetadata: [DeviceListMetadata],
      deviceListMetadataVersion: 2,
      messageSecret: [Uint8Array]
    }
  },
  verifiedBizName: 'Nathaly Paulini',
  body: 'Mi nombre es Nathaly Paulini y soy Ejecutiva Comercial del Grupo Ventura, quien es una empresa l铆der en soluciones tecnol贸gicas, con m谩s de 11 a帽os de experiencia en el mercado en ventas de productos tecnol贸gicos ( como impresoras, escaner, servicios de digitalizaci贸n) somos representantes autorizados de las macas Canon, Oki, Pantum en l铆nea de impresi贸n, la l铆nea de digitalizaci贸n, las marcas RICOH, Canon, Colortrac, Contex e Inotec.',
  name: 'Nathaly Paulini',
  from: '51995988282'
}
[handleMsg]:  {
  key: {
    remoteJid: '51945675307@s.whatsapp.net',
    fromMe: false,
    id: '3EB0073C55668C44F1A910',
    participant: undefined
  },
  messageTimestamp: 1732656226,
  pushName: 'Rodamientos Del Oriente S.A.C',
  broadcast: false,
  message: Message {
    conversation: 'HOLA BUENAS TARDES',
    messageContextInfo: MessageContextInfo {
      deviceListMetadata: [DeviceListMetadata],
      deviceListMetadataVersion: 2,
      messageSecret: [Uint8Array]
    }
  },
  verifiedBizName: 'Rodamientos Del Oriente S.A.C',
  body: 'HOLA BUENAS TARDES',
  name: 'Rodamientos Del Oriente S.A.C',
  from: '51945675307'
}
[handleMsg]:  {
  key: {
    remoteJid: '51995988282@s.whatsapp.net',
    fromMe: false,
    id: '3EB04E435FD85F545E5B55',
    participant: undefined
  },
  messageTimestamp: 1732656243,
  pushName: 'Nathaly Paulini',
  broadcast: false,
  message: Message {
    messageContextInfo: MessageContextInfo {
      deviceListMetadata: [DeviceListMetadata],
      deviceListMetadataVersion: 2,
      messageSecret: [Uint8Array]
    },
    documentWithCaptionMessage: FutureProofMessage { message: [Message] }
  },
  verifiedBizName: 'Nathaly Paulini',
  body: '',
  name: 'Nathaly Paulini',
  from: '51995988282'
}
[handleMsg]:  {
  key: {
    remoteJid: '51973625267@s.whatsapp.net',
    fromMe: false,
    id: '3EB0D402F9A6301510055C',
    participant: undefined
  },
  messageTimestamp: 1732658187,
  pushName: 'Jhos',
  broadcast: false,
  message: Message {
    imageMessage: ImageMessage {
      interactiveAnnotations: [],
      scanLengths: [],
      annotations: [],
      url: 'https://mmg.whatsapp.net/o1/v/t62.7118-24/f1/m238/up-oil-image-3dde1e90-304a-4c9f-9215-fce6b3bdf2ad?ccb=9-4&oh=01_Q5AaIGgrWN7aNJ7gbfmEpOIMZyWUoMIsZVGKKHX4Bp7W2Ma4&oe=676DC5E3&_nc_sid=e6ed6c&mms3=true',
      mimetype: 'image/jpeg',
      caption: 'Buenas tardes, estoy buscando esta pieza. Reducci贸n 2.5" a 2"',
      fileSha256: [Uint8Array],
      fileLength: [Long],
      height: 1090,
      width: 744,
      mediaKey: [Uint8Array],
      fileEncSha256: [Uint8Array],
      directPath: '/o1/v/t62.7118-24/f1/m238/up-oil-image-3dde1e90-304a-4c9f-9215-fce6b3bdf2ad?ccb=9-4&oh=01_Q5AaIGgrWN7aNJ7gbfmEpOIMZyWUoMIsZVGKKHX4Bp7W2Ma4&oe=676DC5E3&_nc_sid=e6ed6c',
      mediaKeyTimestamp: [Long],
      jpegThumbnail: [Uint8Array],
      viewOnce: false
    },
    messageContextInfo: MessageContextInfo {
      deviceListMetadata: [DeviceListMetadata],
      deviceListMetadataVersion: 2,
      messageSecret: [Uint8Array]
    }
  },
  verifiedBizName: 'Jhos',
  body: '_event_media_',
  name: 'Jhos',
  from: '51973625267'
}
[handleMsg]:  {
  key: {
    remoteJid: '51973625267@s.whatsapp.net',
    fromMe: false,
    id: '3EB0A5125406769663EFC7',
    participant: undefined
  },
  messageTimestamp: 1732658778,
  pushName: 'Jhos',
  broadcast: false,
  message: Message {
    conversation: 'GLOBAL BUILDERS PERU SAC - RUC 20600085205. Una cotizaci贸n por 7 unidades, me confirma. Gracias.',
    messageContextInfo: MessageContextInfo {
      deviceListMetadata: [DeviceListMetadata],
      deviceListMetadataVersion: 2,
      messageSecret: [Uint8Array]
    }
  },
  verifiedBizName: 'Jhos',
  body: 'GLOBAL BUILDERS PERU SAC - RUC 20600085205. Una cotizaci贸n por 7 unidades, me confirma. Gracias.',
  name: 'Jhos',
  from: '51973625267'
}
[handleMsg]:  {
  key: {
    remoteJid: '51973625267@s.whatsapp.net',
    fromMe: false,
    id: '3EB0597620B69FB73E4DA2',
    participant: undefined
  },
  messageTimestamp: 1732658818,
  pushName: 'Jhos',
  broadcast: false,
  message: Message {
    conversation: 'Acople reducci贸n para manguera bombero.',
    messageContextInfo: MessageContextInfo {
      deviceListMetadata: [DeviceListMetadata],
      deviceListMetadataVersion: 2,
      messageSecret: [Uint8Array]
    }
  },
  verifiedBizName: 'Jhos',
  body: 'Acople reducci贸n para manguera bombero.',
  name: 'Jhos',
  from: '51973625267'
}
[handleMsg]:  {
  key: {
    remoteJid: '51973625267@s.whatsapp.net',
    fromMe: false,
    id: '3EB06DE34438C2E203E395',
    participant: undefined
  },
  messageTimestamp: 1732658892,
  pushName: 'Jhos',
  broadcast: false,
  message: Message {
    conversation: 'Gracias.',
    messageContextInfo: MessageContextInfo {
      deviceListMetadata: [DeviceListMetadata],
      deviceListMetadataVersion: 2,
      messageSecret: [Uint8Array]
    }
  },
  verifiedBizName: 'Jhos',
  body: 'Gracias.',
  name: 'Jhos',
  from: '51973625267'
}
